=== start ===
lun. déc.  9 13:21:22 CET 2024
Ultralytics 8.3.48 🚀 Python-3.11.11 torch-2.5.1+cu124 CUDA:0 (Quadro P5000, 16273MiB)
[34m[1mengine/trainer: [0mtask=detect, mode=train, model=yolov8n.pt, data=data.yaml, epochs=100, time=None, patience=5, batch=8, imgsz=1024, save=True, save_period=-1, cache=False, device=0, workers=8, project=None, name=train10, exist_ok=False, pretrained=True, optimizer=auto, verbose=True, seed=0, deterministic=True, single_cls=False, rect=False, cos_lr=False, close_mosaic=10, resume=False, amp=True, fraction=1.0, profile=False, freeze=None, multi_scale=False, overlap_mask=True, mask_ratio=4, dropout=0.0, val=True, split=val, save_json=False, save_hybrid=False, conf=None, iou=0.7, max_det=300, half=False, dnn=False, plots=True, source=None, vid_stride=1, stream_buffer=False, visualize=False, augment=False, agnostic_nms=False, classes=None, retina_masks=False, embed=None, show=False, save_frames=False, save_txt=False, save_conf=False, save_crop=False, show_labels=True, show_conf=True, show_boxes=True, line_width=None, format=torchscript, keras=False, optimize=False, int8=False, dynamic=False, simplify=True, opset=None, workspace=None, nms=False, lr0=0.01, lrf=0.01, momentum=0.937, weight_decay=0.0005, warmup_epochs=3.0, warmup_momentum=0.8, warmup_bias_lr=0.1, box=7.5, cls=0.5, dfl=1.5, pose=12.0, kobj=1.0, nbs=64, hsv_h=0.015, hsv_s=0.7, hsv_v=0.4, degrees=0.0, translate=0.1, scale=0.5, shear=0.0, perspective=0.0, flipud=0.0, fliplr=0.5, bgr=0.0, mosaic=1.0, mixup=0.0, copy_paste=0.0, copy_paste_mode=flip, auto_augment=randaugment, erasing=0.4, crop_fraction=1.0, cfg=None, tracker=botsort.yaml, save_dir=runs/detect/train10
Overriding model.yaml nc=80 with nc=23

                   from  n    params  module                                       arguments                     
  0                  -1  1       464  ultralytics.nn.modules.conv.Conv             [3, 16, 3, 2]                 
  1                  -1  1      4672  ultralytics.nn.modules.conv.Conv             [16, 32, 3, 2]                
  2                  -1  1      7360  ultralytics.nn.modules.block.C2f             [32, 32, 1, True]             
  3                  -1  1     18560  ultralytics.nn.modules.conv.Conv             [32, 64, 3, 2]                
  4                  -1  2     49664  ultralytics.nn.modules.block.C2f             [64, 64, 2, True]             
  5                  -1  1     73984  ultralytics.nn.modules.conv.Conv             [64, 128, 3, 2]               
  6                  -1  2    197632  ultralytics.nn.modules.block.C2f             [128, 128, 2, True]           
  7                  -1  1    295424  ultralytics.nn.modules.conv.Conv             [128, 256, 3, 2]              
  8                  -1  1    460288  ultralytics.nn.modules.block.C2f             [256, 256, 1, True]           
  9                  -1  1    164608  ultralytics.nn.modules.block.SPPF            [256, 256, 5]                 
 10                  -1  1         0  torch.nn.modules.upsampling.Upsample         [None, 2, 'nearest']          
 11             [-1, 6]  1         0  ultralytics.nn.modules.conv.Concat           [1]                           
 12                  -1  1    148224  ultralytics.nn.modules.block.C2f             [384, 128, 1]                 
 13                  -1  1         0  torch.nn.modules.upsampling.Upsample         [None, 2, 'nearest']          
 14             [-1, 4]  1         0  ultralytics.nn.modules.conv.Concat           [1]                           
 15                  -1  1     37248  ultralytics.nn.modules.block.C2f             [192, 64, 1]                  
 16                  -1  1     36992  ultralytics.nn.modules.conv.Conv             [64, 64, 3, 2]                
 17            [-1, 12]  1         0  ultralytics.nn.modules.conv.Concat           [1]                           
 18                  -1  1    123648  ultralytics.nn.modules.block.C2f             [192, 128, 1]                 
 19                  -1  1    147712  ultralytics.nn.modules.conv.Conv             [128, 128, 3, 2]              
 20             [-1, 9]  1         0  ultralytics.nn.modules.conv.Concat           [1]                           
 21                  -1  1    493056  ultralytics.nn.modules.block.C2f             [384, 256, 1]                 
 22        [15, 18, 21]  1    755797  ultralytics.nn.modules.head.Detect           [23, [64, 128, 256]]          
Model summary: 225 layers, 3,015,333 parameters, 3,015,317 gradients, 8.2 GFLOPs

Transferred 319/355 items from pretrained weights
Freezing layer 'model.22.dfl.conv.weight'
[34m[1mAMP: [0mrunning Automatic Mixed Precision (AMP) checks...
[34m[1mAMP: [0mchecks passed ✅
[34m[1mtrain: [0mNew cache created: /home/users/atuo/crop-diseases-detection/datasets/dataset/labels/train.cache
[34m[1mval: [0mNew cache created: /home/users/atuo/crop-diseases-detection/datasets/dataset/labels/val.cache
Plotting labels to runs/detect/train10/labels.jpg... 
[34m[1moptimizer:[0m 'optimizer=auto' found, ignoring 'lr0=0.01' and 'momentum=0.937' and determining best 'optimizer', 'lr0' and 'momentum' automatically... 
[34m[1moptimizer:[0m AdamW(lr=0.00037, momentum=0.9) with parameter groups 57 weight(decay=0.0), 64 weight(decay=0.0005), 63 bias(decay=0.0)
Image sizes 1024 train, 1024 val
Using 8 dataloader workers
Logging results to [1mruns/detect/train10[0m
Starting training for 100 epochs...

      Epoch    GPU_mem   box_loss   cls_loss   dfl_loss  Instances       Size
                   all       1226      10252      0.391      0.116     0.0599     0.0246

      Epoch    GPU_mem   box_loss   cls_loss   dfl_loss  Instances       Size
                   all       1226      10252      0.252      0.161     0.0924     0.0386

      Epoch    GPU_mem   box_loss   cls_loss   dfl_loss  Instances       Size
                   all       1226      10252      0.262      0.188      0.114      0.048

      Epoch    GPU_mem   box_loss   cls_loss   dfl_loss  Instances       Size
                   all       1226      10252      0.341      0.186      0.117     0.0504

      Epoch    GPU_mem   box_loss   cls_loss   dfl_loss  Instances       Size
                   all       1226      10252      0.348      0.238      0.152     0.0641

      Epoch    GPU_mem   box_loss   cls_loss   dfl_loss  Instances       Size
                   all       1226      10252      0.375       0.23      0.157     0.0662

      Epoch    GPU_mem   box_loss   cls_loss   dfl_loss  Instances       Size
                   all       1226      10252      0.446      0.236      0.168     0.0737

      Epoch    GPU_mem   box_loss   cls_loss   dfl_loss  Instances       Size
                   all       1226      10252      0.344       0.25      0.177     0.0778

      Epoch    GPU_mem   box_loss   cls_loss   dfl_loss  Instances       Size
                   all       1226      10252      0.311      0.285      0.183     0.0785

      Epoch    GPU_mem   box_loss   cls_loss   dfl_loss  Instances       Size
                   all       1226      10252      0.336      0.255      0.185     0.0817

      Epoch    GPU_mem   box_loss   cls_loss   dfl_loss  Instances       Size
                   all       1226      10252      0.352      0.284      0.186     0.0765

      Epoch    GPU_mem   box_loss   cls_loss   dfl_loss  Instances       Size
                   all       1226      10252      0.356      0.282      0.199     0.0845

      Epoch    GPU_mem   box_loss   cls_loss   dfl_loss  Instances       Size
                   all       1226      10252      0.367      0.285      0.211     0.0913

      Epoch    GPU_mem   box_loss   cls_loss   dfl_loss  Instances       Size
